<?xml version="1.0" encoding="UTF-8"?>
<!-- Generated by org.testng.reporters.JUnitXMLReporter -->
<testsuite ignored="0" hostname="DARK-KNIGHT" failures="1" tests="3" name="YourStoreWesite" time="74.156" errors="0" timestamp="2022-12-08T14:41:11 IST">
  <testcase classname="testClasses.LoginYesyWithTestNG" name="verifyLoginpageTitle" time="0.031"/>
  <testcase classname="testClasses.LoginYesyWithTestNG" name="verifyWhetherLoginIsSuccessful" time="4.972"/>
  <testcase classname="testClasses.LoginYesyWithTestNG" name="verifyWhetherLogoutIsSuccessful" time="37.815">
    <failure type="java.lang.AssertionError" message="expected [My Account] but found [Your Store]">
      <![CDATA[java.lang.AssertionError: expected [My Account] but found [Your Store]
at testClasses.LoginYesyWithTestNG.verifyWhetherLogoutIsSuccessful(LoginYesyWithTestNG.java:59)
at java.base/java.util.ArrayList.forEach(ArrayList.java:1511)
... Removed 33 stack frames]]>
    </failure>
  </testcase> <!-- verifyWhetherLogoutIsSuccessful -->
</testsuite> <!-- YourStoreWesite -->
